{"uuid":"5162a3e8-6bf1-4b92-8cb8-fff4d6894453","name":"Verify that the Configuration list item 6 is clickable in AdminPage","historyId":"c5b34b93326ef2294e3b286fc4235e9f:b444eb0fbe6390c71e68b51dd25701fc","status":"failed","statusDetails":{"message":"Error: browserContext._wrapApiCall: Test ended.\nBrowser logs:\n\n<launching> C:\\Users\\User\\AppData\\Local\\ms-playwright\\firefox-1482\\firefox\\firefox.exe -no-remote -wait-for-browser -foreground -profile C:\\Users\\User\\AppData\\Local\\Temp\\playwright_firefoxdev_profile-JwgNYn -juggler-pipe -lang en-US -silent\n<launched> pid=24384\n[pid=24384][err] JavaScript warning: resource://services-settings/Utils.sys.mjs, line 116: unreachable code after return statement\n[pid=24384][out] console.warn: services.settings: Ignoring preference override of remote settings server\n[pid=24384][out] console.warn: services.settings: Allow by setting MOZ_REMOTE_SETTINGS_DEVTOOLS=1 in the environment\n[pid=24384][out] \n[pid=24384][out] Juggler listening to the pipe\n[pid=24384][out] console.error: \"Warning: unrecognized command line flag\" \"-foreground\"\n[pid=24384][err] JavaScript error: resource://gre/modules/ShortcutUtils.sys.mjs, line 143: TypeError: keyAttribute is null\n[pid=24384][err] JavaScript error: chrome://browser/content/tabbrowser/tabbrowser.js, line 6776: TypeError: this.selectedBrowser is undefined\n[pid=24384][err] JavaScript error: chrome://juggler/content/TargetRegistry.js, line 152: TypeError: tab.linkedBrowser is undefined\n[pid=24384][err] JavaScript error: chrome://juggler/content/Helper.js, line 82: NS_ERROR_FAILURE: Component returned failure code: 0x80004005 (NS_ERROR_FAILURE) [nsIWebProgress.removeProgressListener]\n[pid=24384][err] JavaScript error: resource:///modules/sessionstore/SessionStore.sys.mjs, line 3025: TypeError: browser is undefined\n[pid=24384][err] JavaScript error: chrome://browser/content/tabbrowser/tabbrowser.js, line 6794: TypeError: this.selectedTab is undefined\n[pid=24384][out] console.error: (new TypeError(\"this.selectedTab is undefined\", \"chrome://browser/content/tabbrowser/tabbrowser.js\", 2676))\n[pid=24384][err] JavaScript error: chrome://browser/content/tabbrowser/tabbrowser.js, line 6794: TypeError: this.selectedTab is undefined\n[pid=24384][out] console.error: SearchEngineSelector: \"Received empty search configuration!\"\n[pid=24384][out] console.error: SearchEngineSelector: \"Received empty search configuration!\"\n[pid=24384][out] console.error: SearchService: \"#init: failure initializing search:\" ({})\n[pid=24384][err] JavaScript error: resource://gre/modules/SearchEngineSelector.sys.mjs, line 100: NS_ERROR_UNEXPECTED: Failed to get engine data from Remote Settings\n[pid=24384][err] JavaScript error: resource://gre/modules/SearchEngineSelector.sys.mjs, line 100: NS_ERROR_UNEXPECTED: Failed to get engine data from Remote Settings\n[pid=24384][err] JavaScript error: resource://gre/modules/SearchEngineSelector.sys.mjs, line 100: NS_ERROR_UNEXPECTED: Failed to get engine data from Remote Settings\n[pid=24384][err] JavaScript error: resource://gre/modules/SearchEngineSelector.sys.mjs, line 100: NS_ERROR_UNEXPECTED: Failed to get engine data from Remote Settings\n[pid=24384][out] console.error: \"Received empty top sites configuration!\"\n[pid=24384][err] JavaScript error: resource://gre/modules/SearchEngineSelector.sys.mjs, line 100: NS_ERROR_UNEXPECTED: Failed to get engine data from Remote Settings\n[pid=24384][out] console.error: \"Received empty top sites configuration!\"\n[pid=24384][out] console.error: WebExtensions: \n[pid=24384][out]   Message: [Exception... \"Failed to get engine data from Remote Settings\"  nsresult: \"0x8000ffff (NS_ERROR_UNEXPECTED)\"  location: \"JS frame :: resource://gre/modules/SearchEngineSelector.sys.mjs :: getEngineConfiguration :: line 100\"  data: no]\n[pid=24384][out]   Stack:\n[pid=24384][out]     getEngineConfiguration@resource://gre/modules/SearchEngineSelector.sys.mjs:100:24\n[pid=24384][out] \n[pid=24384][out] console.error: \"Error in processing browser-idle-startup for GenAI.init\"\n[pid=24384][out] console.error: (new TypeError(\"window.gBrowser.selectedBrowser is undefined\", \"resource:///modules/GenAI.sys.mjs\", 352))\n[pid=24384][out] console.error: \"Error in processing browser-idle-startup for RFPHelper.init\"\n[pid=24384][out] console.error: (new TypeError(\"aBrowser is undefined\", \"resource://gre/modules/RFPHelper.sys.mjs\", 586))\n[pid=24384][err] JavaScript error: resource:///modules/asrouter/ASRouterTriggerListeners.sys.mjs, line 1357: TypeError: browser is undefined\n[pid=24384][out] console.error: SearchSettings: \"_write: Could not write to settings file:\" (new Error(\"cannot write without any engine.\", \"resource://gre/modules/SearchSettings.sys.mjs\", 280))\n[pid=24384][err] JavaScript error: chrome://juggler/content/Helper.js, line 82: NS_ERROR_FAILURE: Component returned failure code: 0x80004005 (NS_ERROR_FAILURE) [nsIWebProgress.removeProgressListener]\n[pid=24384][out] console.error: URLBar - Provider.UrlbarProviderSearchTips: ({})\n[pid=24384][err] JavaScript error: resource://gre/modules/BrowserTelemetryUtils.sys.mjs, line 38: TypeError: browser is undefined\n[pid=24384][err] JavaScript error: resource:///modules/ProcessHangMonitor.sys.mjs, line 322: TypeError: browser is undefined\n[pid=24384][err] JavaScript error: chrome://browser/content/tabbrowser/tabbrowser.js, line 6794: TypeError: this.selectedTab is undefined\n[pid=24384][err] JavaScript error: chrome://juggler/content/Helper.js, line 82: NS_ERROR_FAILURE: Component returned failure code: 0x80004005 (NS_ERROR_FAILURE) [nsIWebProgress.removeProgressListener]\n[pid=24384][err] JavaScript error: chrome://browser/content/browser.js, line 4653: TypeError: browser is undefined\n[pid=24384][err] JavaScript error: chrome://browser/content/browser.js, line 4653: TypeError: browser is undefined\n[pid=24384][err] JavaScript error: chrome://browser/content/tabbrowser/tabbrowser.js, line 6776: TypeError: this.selectedBrowser is undefined\n[pid=24384][err] JavaScript error: chrome://browser/content/tabbrowser/tabbrowser.js, line 6776: TypeError: this.selectedBrowser is undefined","trace":"Error: browserContext._wrapApiCall: Test ended.\nBrowser logs:\n\n<launching> C:\\Users\\User\\AppData\\Local\\ms-playwright\\firefox-1482\\firefox\\firefox.exe -no-remote -wait-for-browser -foreground -profile C:\\Users\\User\\AppData\\Local\\Temp\\playwright_firefoxdev_profile-JwgNYn -juggler-pipe -lang en-US -silent\n<launched> pid=24384\n[pid=24384][err] JavaScript warning: resource://services-settings/Utils.sys.mjs, line 116: unreachable code after return statement\n[pid=24384][out] console.warn: services.settings: Ignoring preference override of remote settings server\n[pid=24384][out] console.warn: services.settings: Allow by setting MOZ_REMOTE_SETTINGS_DEVTOOLS=1 in the environment\n[pid=24384][out] \n[pid=24384][out] Juggler listening to the pipe\n[pid=24384][out] console.error: \"Warning: unrecognized command line flag\" \"-foreground\"\n[pid=24384][err] JavaScript error: resource://gre/modules/ShortcutUtils.sys.mjs, line 143: TypeError: keyAttribute is null\n[pid=24384][err] JavaScript error: chrome://browser/content/tabbrowser/tabbrowser.js, line 6776: TypeError: this.selectedBrowser is undefined\n[pid=24384][err] JavaScript error: chrome://juggler/content/TargetRegistry.js, line 152: TypeError: tab.linkedBrowser is undefined\n[pid=24384][err] JavaScript error: chrome://juggler/content/Helper.js, line 82: NS_ERROR_FAILURE: Component returned failure code: 0x80004005 (NS_ERROR_FAILURE) [nsIWebProgress.removeProgressListener]\n[pid=24384][err] JavaScript error: resource:///modules/sessionstore/SessionStore.sys.mjs, line 3025: TypeError: browser is undefined\n[pid=24384][err] JavaScript error: chrome://browser/content/tabbrowser/tabbrowser.js, line 6794: TypeError: this.selectedTab is undefined\n[pid=24384][out] console.error: (new TypeError(\"this.selectedTab is undefined\", \"chrome://browser/content/tabbrowser/tabbrowser.js\", 2676))\n[pid=24384][err] JavaScript error: chrome://browser/content/tabbrowser/tabbrowser.js, line 6794: TypeError: this.selectedTab is undefined\n[pid=24384][out] console.error: SearchEngineSelector: \"Received empty search configuration!\"\n[pid=24384][out] console.error: SearchEngineSelector: \"Received empty search configuration!\"\n[pid=24384][out] console.error: SearchService: \"#init: failure initializing search:\" ({})\n[pid=24384][err] JavaScript error: resource://gre/modules/SearchEngineSelector.sys.mjs, line 100: NS_ERROR_UNEXPECTED: Failed to get engine data from Remote Settings\n[pid=24384][err] JavaScript error: resource://gre/modules/SearchEngineSelector.sys.mjs, line 100: NS_ERROR_UNEXPECTED: Failed to get engine data from Remote Settings\n[pid=24384][err] JavaScript error: resource://gre/modules/SearchEngineSelector.sys.mjs, line 100: NS_ERROR_UNEXPECTED: Failed to get engine data from Remote Settings\n[pid=24384][err] JavaScript error: resource://gre/modules/SearchEngineSelector.sys.mjs, line 100: NS_ERROR_UNEXPECTED: Failed to get engine data from Remote Settings\n[pid=24384][out] console.error: \"Received empty top sites configuration!\"\n[pid=24384][err] JavaScript error: resource://gre/modules/SearchEngineSelector.sys.mjs, line 100: NS_ERROR_UNEXPECTED: Failed to get engine data from Remote Settings\n[pid=24384][out] console.error: \"Received empty top sites configuration!\"\n[pid=24384][out] console.error: WebExtensions: \n[pid=24384][out]   Message: [Exception... \"Failed to get engine data from Remote Settings\"  nsresult: \"0x8000ffff (NS_ERROR_UNEXPECTED)\"  location: \"JS frame :: resource://gre/modules/SearchEngineSelector.sys.mjs :: getEngineConfiguration :: line 100\"  data: no]\n[pid=24384][out]   Stack:\n[pid=24384][out]     getEngineConfiguration@resource://gre/modules/SearchEngineSelector.sys.mjs:100:24\n[pid=24384][out] \n[pid=24384][out] console.error: \"Error in processing browser-idle-startup for GenAI.init\"\n[pid=24384][out] console.error: (new TypeError(\"window.gBrowser.selectedBrowser is undefined\", \"resource:///modules/GenAI.sys.mjs\", 352))\n[pid=24384][out] console.error: \"Error in processing browser-idle-startup for RFPHelper.init\"\n[pid=24384][out] console.error: (new TypeError(\"aBrowser is undefined\", \"resource://gre/modules/RFPHelper.sys.mjs\", 586))\n[pid=24384][err] JavaScript error: resource:///modules/asrouter/ASRouterTriggerListeners.sys.mjs, line 1357: TypeError: browser is undefined\n[pid=24384][out] console.error: SearchSettings: \"_write: Could not write to settings file:\" (new Error(\"cannot write without any engine.\", \"resource://gre/modules/SearchSettings.sys.mjs\", 280))\n[pid=24384][err] JavaScript error: chrome://juggler/content/Helper.js, line 82: NS_ERROR_FAILURE: Component returned failure code: 0x80004005 (NS_ERROR_FAILURE) [nsIWebProgress.removeProgressListener]\n[pid=24384][out] console.error: URLBar - Provider.UrlbarProviderSearchTips: ({})\n[pid=24384][err] JavaScript error: resource://gre/modules/BrowserTelemetryUtils.sys.mjs, line 38: TypeError: browser is undefined\n[pid=24384][err] JavaScript error: resource:///modules/ProcessHangMonitor.sys.mjs, line 322: TypeError: browser is undefined\n[pid=24384][err] JavaScript error: chrome://browser/content/tabbrowser/tabbrowser.js, line 6794: TypeError: this.selectedTab is undefined\n[pid=24384][err] JavaScript error: chrome://juggler/content/Helper.js, line 82: NS_ERROR_FAILURE: Component returned failure code: 0x80004005 (NS_ERROR_FAILURE) [nsIWebProgress.removeProgressListener]\n[pid=24384][err] JavaScript error: chrome://browser/content/browser.js, line 4653: TypeError: browser is undefined\n[pid=24384][err] JavaScript error: chrome://browser/content/browser.js, line 4653: TypeError: browser is undefined\n[pid=24384][err] JavaScript error: chrome://browser/content/tabbrowser/tabbrowser.js, line 6776: TypeError: this.selectedBrowser is undefined\n[pid=24384][err] JavaScript error: chrome://browser/content/tabbrowser/tabbrowser.js, line 6776: TypeError: this.selectedBrowser is undefined"},"stage":"finished","steps":[{"statusDetails":{},"stage":"running","steps":[{"status":"failed","statusDetails":{"message":"Test timeout of 30000ms exceeded while running \"beforeEach\" hook.","trace":"Test timeout of 30000ms exceeded while running \"beforeEach\" hook.\n    at D:\\Automation\\OrangeHRM\\tests\\test.spec.js:8:6"},"stage":"finished","steps":[{"status":"passed","statusDetails":{},"stage":"finished","steps":[{"status":"passed","statusDetails":{},"stage":"finished","steps":[],"attachments":[],"parameters":[],"name":"browserType.launch","start":1746909405275,"stop":1746909405828}],"attachments":[],"parameters":[],"name":"fixture: browser","start":1746909405273,"stop":1746909405828},{"status":"passed","statusDetails":{},"stage":"finished","steps":[{"status":"passed","statusDetails":{},"stage":"finished","steps":[],"attachments":[],"parameters":[],"name":"browser.newContext","start":1746909405832,"stop":1746909405878}],"attachments":[],"parameters":[],"name":"fixture: context","start":1746909405830,"stop":1746909405880},{"status":"failed","statusDetails":{"message":"Test timeout of 30000ms exceeded while running \"beforeEach\" hook.","trace":"Test timeout of 30000ms exceeded while running \"beforeEach\" hook.\n    at D:\\Automation\\OrangeHRM\\tests\\test.spec.js:8:6"},"stage":"finished","steps":[{"status":"failed","statusDetails":{"message":"Test timeout of 30000ms exceeded while running \"beforeEach\" hook.","trace":"Test timeout of 30000ms exceeded while running \"beforeEach\" hook.\n    at D:\\Automation\\OrangeHRM\\tests\\test.spec.js:8:6"},"stage":"finished","steps":[],"attachments":[],"parameters":[],"name":"browserContext.newPage","start":1746909405883,"stop":1746909419226}],"attachments":[],"parameters":[],"name":"fixture: page","start":1746909405881,"stop":1746909419840}],"attachments":[],"parameters":[],"name":"beforeEach hook","start":1746909405266,"stop":1746909419226}],"attachments":[],"parameters":[],"name":"Before Hooks","start":1746909405265},{"statusDetails":{},"stage":"finished","steps":[],"attachments":[{"name":"_error-context-0","source":"2476ec40-2262-4bf8-9142-1d5ba0ca41e8-attachment.md","type":"text/markdown"}],"parameters":[],"start":1746909419270,"name":"_error-context-0","stop":1746909419270},{"status":"failed","statusDetails":{"message":"Error: browserContext._wrapApiCall: Test ended.\nBrowser logs:\n\n<launching> C:\\Users\\User\\AppData\\Local\\ms-playwright\\firefox-1482\\firefox\\firefox.exe -no-remote -wait-for-browser -foreground -profile C:\\Users\\User\\AppData\\Local\\Temp\\playwright_firefoxdev_profile-JwgNYn -juggler-pipe -lang en-US -silent\n<launched> pid=24384\n[pid=24384][err] JavaScript warning: resource://services-settings/Utils.sys.mjs, line 116: unreachable code after return statement\n[pid=24384][out] console.warn: services.settings: Ignoring preference override of remote settings server\n[pid=24384][out] console.warn: services.settings: Allow by setting MOZ_REMOTE_SETTINGS_DEVTOOLS=1 in the environment\n[pid=24384][out] \n[pid=24384][out] Juggler listening to the pipe\n[pid=24384][out] console.error: \"Warning: unrecognized command line flag\" \"-foreground\"\n[pid=24384][err] JavaScript error: resource://gre/modules/ShortcutUtils.sys.mjs, line 143: TypeError: keyAttribute is null\n[pid=24384][err] JavaScript error: chrome://browser/content/tabbrowser/tabbrowser.js, line 6776: TypeError: this.selectedBrowser is undefined\n[pid=24384][err] JavaScript error: chrome://juggler/content/TargetRegistry.js, line 152: TypeError: tab.linkedBrowser is undefined\n[pid=24384][err] JavaScript error: chrome://juggler/content/Helper.js, line 82: NS_ERROR_FAILURE: Component returned failure code: 0x80004005 (NS_ERROR_FAILURE) [nsIWebProgress.removeProgressListener]\n[pid=24384][err] JavaScript error: resource:///modules/sessionstore/SessionStore.sys.mjs, line 3025: TypeError: browser is undefined\n[pid=24384][err] JavaScript error: chrome://browser/content/tabbrowser/tabbrowser.js, line 6794: TypeError: this.selectedTab is undefined\n[pid=24384][out] console.error: (new TypeError(\"this.selectedTab is undefined\", \"chrome://browser/content/tabbrowser/tabbrowser.js\", 2676))\n[pid=24384][err] JavaScript error: chrome://browser/content/tabbrowser/tabbrowser.js, line 6794: TypeError: this.selectedTab is undefined\n[pid=24384][out] console.error: SearchEngineSelector: \"Received empty search configuration!\"\n[pid=24384][out] console.error: SearchEngineSelector: \"Received empty search configuration!\"\n[pid=24384][out] console.error: SearchService: \"#init: failure initializing search:\" ({})\n[pid=24384][err] JavaScript error: resource://gre/modules/SearchEngineSelector.sys.mjs, line 100: NS_ERROR_UNEXPECTED: Failed to get engine data from Remote Settings\n[pid=24384][err] JavaScript error: resource://gre/modules/SearchEngineSelector.sys.mjs, line 100: NS_ERROR_UNEXPECTED: Failed to get engine data from Remote Settings\n[pid=24384][err] JavaScript error: resource://gre/modules/SearchEngineSelector.sys.mjs, line 100: NS_ERROR_UNEXPECTED: Failed to get engine data from Remote Settings\n[pid=24384][err] JavaScript error: resource://gre/modules/SearchEngineSelector.sys.mjs, line 100: NS_ERROR_UNEXPECTED: Failed to get engine data from Remote Settings\n[pid=24384][out] console.error: \"Received empty top sites configuration!\"\n[pid=24384][err] JavaScript error: resource://gre/modules/SearchEngineSelector.sys.mjs, line 100: NS_ERROR_UNEXPECTED: Failed to get engine data from Remote Settings\n[pid=24384][out] console.error: \"Received empty top sites configuration!\"\n[pid=24384][out] console.error: WebExtensions: \n[pid=24384][out]   Message: [Exception... \"Failed to get engine data from Remote Settings\"  nsresult: \"0x8000ffff (NS_ERROR_UNEXPECTED)\"  location: \"JS frame :: resource://gre/modules/SearchEngineSelector.sys.mjs :: getEngineConfiguration :: line 100\"  data: no]\n[pid=24384][out]   Stack:\n[pid=24384][out]     getEngineConfiguration@resource://gre/modules/SearchEngineSelector.sys.mjs:100:24\n[pid=24384][out] \n[pid=24384][out] console.error: \"Error in processing browser-idle-startup for GenAI.init\"\n[pid=24384][out] console.error: (new TypeError(\"window.gBrowser.selectedBrowser is undefined\", \"resource:///modules/GenAI.sys.mjs\", 352))\n[pid=24384][out] console.error: \"Error in processing browser-idle-startup for RFPHelper.init\"\n[pid=24384][out] console.error: (new TypeError(\"aBrowser is undefined\", \"resource://gre/modules/RFPHelper.sys.mjs\", 586))\n[pid=24384][err] JavaScript error: resource:///modules/asrouter/ASRouterTriggerListeners.sys.mjs, line 1357: TypeError: browser is undefined\n[pid=24384][out] console.error: SearchSettings: \"_write: Could not write to settings file:\" (new Error(\"cannot write without any engine.\", \"resource://gre/modules/SearchSettings.sys.mjs\", 280))\n[pid=24384][err] JavaScript error: chrome://juggler/content/Helper.js, line 82: NS_ERROR_FAILURE: Component returned failure code: 0x80004005 (NS_ERROR_FAILURE) [nsIWebProgress.removeProgressListener]\n[pid=24384][out] console.error: URLBar - Provider.UrlbarProviderSearchTips: ({})\n[pid=24384][err] JavaScript error: resource://gre/modules/BrowserTelemetryUtils.sys.mjs, line 38: TypeError: browser is undefined\n[pid=24384][err] JavaScript error: resource:///modules/ProcessHangMonitor.sys.mjs, line 322: TypeError: browser is undefined\n[pid=24384][err] JavaScript error: chrome://browser/content/tabbrowser/tabbrowser.js, line 6794: TypeError: this.selectedTab is undefined\n[pid=24384][err] JavaScript error: chrome://juggler/content/Helper.js, line 82: NS_ERROR_FAILURE: Component returned failure code: 0x80004005 (NS_ERROR_FAILURE) [nsIWebProgress.removeProgressListener]\n[pid=24384][err] JavaScript error: chrome://browser/content/browser.js, line 4653: TypeError: browser is undefined\n[pid=24384][err] JavaScript error: chrome://browser/content/browser.js, line 4653: TypeError: browser is undefined\n[pid=24384][err] JavaScript error: chrome://browser/content/tabbrowser/tabbrowser.js, line 6776: TypeError: this.selectedBrowser is undefined\n[pid=24384][err] JavaScript error: chrome://browser/content/tabbrowser/tabbrowser.js, line 6776: TypeError: this.selectedBrowser is undefined","trace":"Error: browserContext._wrapApiCall: Test ended.\nBrowser logs:\n\n<launching> C:\\Users\\User\\AppData\\Local\\ms-playwright\\firefox-1482\\firefox\\firefox.exe -no-remote -wait-for-browser -foreground -profile C:\\Users\\User\\AppData\\Local\\Temp\\playwright_firefoxdev_profile-JwgNYn -juggler-pipe -lang en-US -silent\n<launched> pid=24384\n[pid=24384][err] JavaScript warning: resource://services-settings/Utils.sys.mjs, line 116: unreachable code after return statement\n[pid=24384][out] console.warn: services.settings: Ignoring preference override of remote settings server\n[pid=24384][out] console.warn: services.settings: Allow by setting MOZ_REMOTE_SETTINGS_DEVTOOLS=1 in the environment\n[pid=24384][out] \n[pid=24384][out] Juggler listening to the pipe\n[pid=24384][out] console.error: \"Warning: unrecognized command line flag\" \"-foreground\"\n[pid=24384][err] JavaScript error: resource://gre/modules/ShortcutUtils.sys.mjs, line 143: TypeError: keyAttribute is null\n[pid=24384][err] JavaScript error: chrome://browser/content/tabbrowser/tabbrowser.js, line 6776: TypeError: this.selectedBrowser is undefined\n[pid=24384][err] JavaScript error: chrome://juggler/content/TargetRegistry.js, line 152: TypeError: tab.linkedBrowser is undefined\n[pid=24384][err] JavaScript error: chrome://juggler/content/Helper.js, line 82: NS_ERROR_FAILURE: Component returned failure code: 0x80004005 (NS_ERROR_FAILURE) [nsIWebProgress.removeProgressListener]\n[pid=24384][err] JavaScript error: resource:///modules/sessionstore/SessionStore.sys.mjs, line 3025: TypeError: browser is undefined\n[pid=24384][err] JavaScript error: chrome://browser/content/tabbrowser/tabbrowser.js, line 6794: TypeError: this.selectedTab is undefined\n[pid=24384][out] console.error: (new TypeError(\"this.selectedTab is undefined\", \"chrome://browser/content/tabbrowser/tabbrowser.js\", 2676))\n[pid=24384][err] JavaScript error: chrome://browser/content/tabbrowser/tabbrowser.js, line 6794: TypeError: this.selectedTab is undefined\n[pid=24384][out] console.error: SearchEngineSelector: \"Received empty search configuration!\"\n[pid=24384][out] console.error: SearchEngineSelector: \"Received empty search configuration!\"\n[pid=24384][out] console.error: SearchService: \"#init: failure initializing search:\" ({})\n[pid=24384][err] JavaScript error: resource://gre/modules/SearchEngineSelector.sys.mjs, line 100: NS_ERROR_UNEXPECTED: Failed to get engine data from Remote Settings\n[pid=24384][err] JavaScript error: resource://gre/modules/SearchEngineSelector.sys.mjs, line 100: NS_ERROR_UNEXPECTED: Failed to get engine data from Remote Settings\n[pid=24384][err] JavaScript error: resource://gre/modules/SearchEngineSelector.sys.mjs, line 100: NS_ERROR_UNEXPECTED: Failed to get engine data from Remote Settings\n[pid=24384][err] JavaScript error: resource://gre/modules/SearchEngineSelector.sys.mjs, line 100: NS_ERROR_UNEXPECTED: Failed to get engine data from Remote Settings\n[pid=24384][out] console.error: \"Received empty top sites configuration!\"\n[pid=24384][err] JavaScript error: resource://gre/modules/SearchEngineSelector.sys.mjs, line 100: NS_ERROR_UNEXPECTED: Failed to get engine data from Remote Settings\n[pid=24384][out] console.error: \"Received empty top sites configuration!\"\n[pid=24384][out] console.error: WebExtensions: \n[pid=24384][out]   Message: [Exception... \"Failed to get engine data from Remote Settings\"  nsresult: \"0x8000ffff (NS_ERROR_UNEXPECTED)\"  location: \"JS frame :: resource://gre/modules/SearchEngineSelector.sys.mjs :: getEngineConfiguration :: line 100\"  data: no]\n[pid=24384][out]   Stack:\n[pid=24384][out]     getEngineConfiguration@resource://gre/modules/SearchEngineSelector.sys.mjs:100:24\n[pid=24384][out] \n[pid=24384][out] console.error: \"Error in processing browser-idle-startup for GenAI.init\"\n[pid=24384][out] console.error: (new TypeError(\"window.gBrowser.selectedBrowser is undefined\", \"resource:///modules/GenAI.sys.mjs\", 352))\n[pid=24384][out] console.error: \"Error in processing browser-idle-startup for RFPHelper.init\"\n[pid=24384][out] console.error: (new TypeError(\"aBrowser is undefined\", \"resource://gre/modules/RFPHelper.sys.mjs\", 586))\n[pid=24384][err] JavaScript error: resource:///modules/asrouter/ASRouterTriggerListeners.sys.mjs, line 1357: TypeError: browser is undefined\n[pid=24384][out] console.error: SearchSettings: \"_write: Could not write to settings file:\" (new Error(\"cannot write without any engine.\", \"resource://gre/modules/SearchSettings.sys.mjs\", 280))\n[pid=24384][err] JavaScript error: chrome://juggler/content/Helper.js, line 82: NS_ERROR_FAILURE: Component returned failure code: 0x80004005 (NS_ERROR_FAILURE) [nsIWebProgress.removeProgressListener]\n[pid=24384][out] console.error: URLBar - Provider.UrlbarProviderSearchTips: ({})\n[pid=24384][err] JavaScript error: resource://gre/modules/BrowserTelemetryUtils.sys.mjs, line 38: TypeError: browser is undefined\n[pid=24384][err] JavaScript error: resource:///modules/ProcessHangMonitor.sys.mjs, line 322: TypeError: browser is undefined\n[pid=24384][err] JavaScript error: chrome://browser/content/tabbrowser/tabbrowser.js, line 6794: TypeError: this.selectedTab is undefined\n[pid=24384][err] JavaScript error: chrome://juggler/content/Helper.js, line 82: NS_ERROR_FAILURE: Component returned failure code: 0x80004005 (NS_ERROR_FAILURE) [nsIWebProgress.removeProgressListener]\n[pid=24384][err] JavaScript error: chrome://browser/content/browser.js, line 4653: TypeError: browser is undefined\n[pid=24384][err] JavaScript error: chrome://browser/content/browser.js, line 4653: TypeError: browser is undefined\n[pid=24384][err] JavaScript error: chrome://browser/content/tabbrowser/tabbrowser.js, line 6776: TypeError: this.selectedBrowser is undefined\n[pid=24384][err] JavaScript error: chrome://browser/content/tabbrowser/tabbrowser.js, line 6776: TypeError: this.selectedBrowser is undefined"},"stage":"finished","steps":[{"status":"passed","statusDetails":{},"stage":"finished","steps":[],"attachments":[],"parameters":[],"name":"fixture: page","start":1746909419227,"stop":1746909419227},{"status":"passed","statusDetails":{},"stage":"finished","steps":[],"attachments":[],"parameters":[],"name":"fixture: context","start":1746909419228,"stop":1746909419228}],"attachments":[],"parameters":[],"name":"After Hooks","start":1746909419226,"stop":1746909419252}],"attachments":[],"parameters":[{"name":"Project","value":"firefox"}],"labels":[{"name":"language","value":"javascript"},{"name":"framework","value":"playwright"},{"name":"package","value":"test.spec.js"},{"name":"titlePath","value":" > firefox > test.spec.js"},{"name":"host","value":"DESKTOP-P5LUQS1"},{"name":"thread","value":"pid-4168-worker-0"},{"name":"parentSuite","value":"firefox"},{"name":"suite","value":"test.spec.js"}],"links":[],"start":1746909405269,"testCaseId":"c5b34b93326ef2294e3b286fc4235e9f","fullName":"test.spec.js:498:6","stop":1746909418684}